Compiling src/utils/libmcubes/mcubes.pyx because it changed.
Compiling src/utils/libmesh/triangle_hash.pyx because it changed.
Compiling src/utils/libmise/mise.pyx because it changed.
Compiling src/utils/libsimplify/simplify_mesh.pyx because it changed.
Compiling src/utils/libvoxelize/voxelize.pyx because it changed.
[1/5] Cythonizing src/utils/libmcubes/mcubes.pyx
[2/5] Cythonizing src/utils/libmesh/triangle_hash.pyx
[3/5] Cythonizing src/utils/libmise/mise.pyx
[4/5] Cythonizing src/utils/libsimplify/simplify_mesh.pyx
[5/5] Cythonizing src/utils/libvoxelize/voxelize.pyx
running build_ext
building 'src.utils.libkdtree.pykdtree.kdtree' extension
creating build
creating build/temp.linux-x86_64-3.7
creating build/temp.linux-x86_64-3.7/src
creating build/temp.linux-x86_64-3.7/src/utils
creating build/temp.linux-x86_64-3.7/src/utils/libkdtree
creating build/temp.linux-x86_64-3.7/src/utils/libkdtree/pykdtree
gcc -pthread -B /opt/conda/compiler_compat -Wl,--sysroot=/ -Wsign-compare -DNDEBUG -g -fwrapv -O3 -Wall -Wstrict-prototypes -fPIC -I/opt/conda/lib/python3.7/site-packages/numpy/core/include -I/opt/conda/include/python3.7m -c src/utils/libkdtree/pykdtree/kdtree.c -o build/temp.linux-x86_64-3.7/src/utils/libkdtree/pykdtree/kdtree.o -std=c99 -O3 -fopenmp -DTORCH_API_INCLUDE_EXTENSION_H -DTORCH_EXTENSION_NAME=kdtree -D_GLIBCXX_USE_CXX11_ABI=0
gcc -pthread -B /opt/conda/compiler_compat -Wl,--sysroot=/ -Wsign-compare -DNDEBUG -g -fwrapv -O3 -Wall -Wstrict-prototypes -fPIC -I/opt/conda/lib/python3.7/site-packages/numpy/core/include -I/opt/conda/include/python3.7m -c src/utils/libkdtree/pykdtree/_kdtree_core.c -o build/temp.linux-x86_64-3.7/src/utils/libkdtree/pykdtree/_kdtree_core.o -std=c99 -O3 -fopenmp -DTORCH_API_INCLUDE_EXTENSION_H -DTORCH_EXTENSION_NAME=kdtree -D_GLIBCXX_USE_CXX11_ABI=0
creating build/lib.linux-x86_64-3.7
creating build/lib.linux-x86_64-3.7/src
creating build/lib.linux-x86_64-3.7/src/utils
creating build/lib.linux-x86_64-3.7/src/utils/libkdtree
creating build/lib.linux-x86_64-3.7/src/utils/libkdtree/pykdtree
gcc -pthread -shared -B /opt/conda/compiler_compat -L/opt/conda/lib -Wl,-rpath=/opt/conda/lib -Wl,--no-as-needed -Wl,--sysroot=/ build/temp.linux-x86_64-3.7/src/utils/libkdtree/pykdtree/kdtree.o build/temp.linux-x86_64-3.7/src/utils/libkdtree/pykdtree/_kdtree_core.o -o build/lib.linux-x86_64-3.7/src/utils/libkdtree/pykdtree/kdtree.cpython-37m-x86_64-linux-gnu.so -lgomp
building 'src.utils.libmcubes.mcubes' extension
creating build/temp.linux-x86_64-3.7/src/utils/libmcubes
gcc -pthread -B /opt/conda/compiler_compat -Wl,--sysroot=/ -Wsign-compare -DNDEBUG -g -fwrapv -O3 -Wall -Wstrict-prototypes -fPIC -Isrc/utils/libmcubes -I/opt/conda/lib/python3.7/site-packages/numpy/core/include -I/opt/conda/include/python3.7m -c src/utils/libmcubes/mcubes.cpp -o build/temp.linux-x86_64-3.7/src/utils/libmcubes/mcubes.o -std=c++11 -DTORCH_API_INCLUDE_EXTENSION_H -DTORCH_EXTENSION_NAME=mcubes -D_GLIBCXX_USE_CXX11_ABI=0
gcc -pthread -B /opt/conda/compiler_compat -Wl,--sysroot=/ -Wsign-compare -DNDEBUG -g -fwrapv -O3 -Wall -Wstrict-prototypes -fPIC -Isrc/utils/libmcubes -I/opt/conda/lib/python3.7/site-packages/numpy/core/include -I/opt/conda/include/python3.7m -c src/utils/libmcubes/pywrapper.cpp -o build/temp.linux-x86_64-3.7/src/utils/libmcubes/pywrapper.o -std=c++11 -DTORCH_API_INCLUDE_EXTENSION_H -DTORCH_EXTENSION_NAME=mcubes -D_GLIBCXX_USE_CXX11_ABI=0
gcc -pthread -B /opt/conda/compiler_compat -Wl,--sysroot=/ -Wsign-compare -DNDEBUG -g -fwrapv -O3 -Wall -Wstrict-prototypes -fPIC -Isrc/utils/libmcubes -I/opt/conda/lib/python3.7/site-packages/numpy/core/include -I/opt/conda/include/python3.7m -c src/utils/libmcubes/marchingcubes.cpp -o build/temp.linux-x86_64-3.7/src/utils/libmcubes/marchingcubes.o -std=c++11 -DTORCH_API_INCLUDE_EXTENSION_H -DTORCH_EXTENSION_NAME=mcubes -D_GLIBCXX_USE_CXX11_ABI=0
creating build/lib.linux-x86_64-3.7/src/utils/libmcubes
g++ -pthread -shared -B /opt/conda/compiler_compat -L/opt/conda/lib -Wl,-rpath=/opt/conda/lib -Wl,--no-as-needed -Wl,--sysroot=/ build/temp.linux-x86_64-3.7/src/utils/libmcubes/mcubes.o build/temp.linux-x86_64-3.7/src/utils/libmcubes/pywrapper.o build/temp.linux-x86_64-3.7/src/utils/libmcubes/marchingcubes.o -o build/lib.linux-x86_64-3.7/src/utils/libmcubes/mcubes.cpython-37m-x86_64-linux-gnu.so
building 'src.utils.libmesh.triangle_hash' extension
creating build/temp.linux-x86_64-3.7/src/utils/libmesh
gcc -pthread -B /opt/conda/compiler_compat -Wl,--sysroot=/ -Wsign-compare -DNDEBUG -g -fwrapv -O3 -Wall -Wstrict-prototypes -fPIC -I/opt/conda/lib/python3.7/site-packages/numpy/core/include -I/opt/conda/include/python3.7m -c src/utils/libmesh/triangle_hash.cpp -o build/temp.linux-x86_64-3.7/src/utils/libmesh/triangle_hash.o -DTORCH_API_INCLUDE_EXTENSION_H -DTORCH_EXTENSION_NAME=triangle_hash -D_GLIBCXX_USE_CXX11_ABI=0 -std=c++11
creating build/lib.linux-x86_64-3.7/src/utils/libmesh
g++ -pthread -shared -B /opt/conda/compiler_compat -L/opt/conda/lib -Wl,-rpath=/opt/conda/lib -Wl,--no-as-needed -Wl,--sysroot=/ build/temp.linux-x86_64-3.7/src/utils/libmesh/triangle_hash.o -lm -o build/lib.linux-x86_64-3.7/src/utils/libmesh/triangle_hash.cpython-37m-x86_64-linux-gnu.so
building 'src.utils.libmise.mise' extension
creating build/temp.linux-x86_64-3.7/src/utils/libmise
gcc -pthread -B /opt/conda/compiler_compat -Wl,--sysroot=/ -Wsign-compare -DNDEBUG -g -fwrapv -O3 -Wall -Wstrict-prototypes -fPIC -I/opt/conda/include/python3.7m -c src/utils/libmise/mise.cpp -o build/temp.linux-x86_64-3.7/src/utils/libmise/mise.o -DTORCH_API_INCLUDE_EXTENSION_H -DTORCH_EXTENSION_NAME=mise -D_GLIBCXX_USE_CXX11_ABI=0 -std=c++11
creating build/lib.linux-x86_64-3.7/src/utils/libmise
g++ -pthread -shared -B /opt/conda/compiler_compat -L/opt/conda/lib -Wl,-rpath=/opt/conda/lib -Wl,--no-as-needed -Wl,--sysroot=/ build/temp.linux-x86_64-3.7/src/utils/libmise/mise.o -o build/lib.linux-x86_64-3.7/src/utils/libmise/mise.cpython-37m-x86_64-linux-gnu.so
building 'src.utils.libsimplify.simplify_mesh' extension
creating build/temp.linux-x86_64-3.7/src/utils/libsimplify
gcc -pthread -B /opt/conda/compiler_compat -Wl,--sysroot=/ -Wsign-compare -DNDEBUG -g -fwrapv -O3 -Wall -Wstrict-prototypes -fPIC -Isrc/utils/libsimplify -I/opt/conda/lib/python3.7/site-packages/numpy/core/include -I/opt/conda/include/python3.7m -c src/utils/libsimplify/simplify_mesh.cpp -o build/temp.linux-x86_64-3.7/src/utils/libsimplify/simplify_mesh.o -DTORCH_API_INCLUDE_EXTENSION_H -DTORCH_EXTENSION_NAME=simplify_mesh -D_GLIBCXX_USE_CXX11_ABI=0 -std=c++11
creating build/lib.linux-x86_64-3.7/src/utils/libsimplify
g++ -pthread -shared -B /opt/conda/compiler_compat -L/opt/conda/lib -Wl,-rpath=/opt/conda/lib -Wl,--no-as-needed -Wl,--sysroot=/ build/temp.linux-x86_64-3.7/src/utils/libsimplify/simplify_mesh.o -o build/lib.linux-x86_64-3.7/src/utils/libsimplify/simplify_mesh.cpython-37m-x86_64-linux-gnu.so
building 'src.utils.libvoxelize.voxelize' extension
creating build/temp.linux-x86_64-3.7/src/utils/libvoxelize
gcc -pthread -B /opt/conda/compiler_compat -Wl,--sysroot=/ -Wsign-compare -DNDEBUG -g -fwrapv -O3 -Wall -Wstrict-prototypes -fPIC -Isrc/utils/libvoxelize -I/opt/conda/include/python3.7m -c src/utils/libvoxelize/voxelize.c -o build/temp.linux-x86_64-3.7/src/utils/libvoxelize/voxelize.o -DTORCH_API_INCLUDE_EXTENSION_H -DTORCH_EXTENSION_NAME=voxelize -D_GLIBCXX_USE_CXX11_ABI=0 -std=c++11
creating build/lib.linux-x86_64-3.7/src/utils/libvoxelize
gcc -pthread -shared -B /opt/conda/compiler_compat -L/opt/conda/lib -Wl,-rpath=/opt/conda/lib -Wl,--no-as-needed -Wl,--sysroot=/ build/temp.linux-x86_64-3.7/src/utils/libvoxelize/voxelize.o -lm -o build/lib.linux-x86_64-3.7/src/utils/libvoxelize/voxelize.cpython-37m-x86_64-linux-gnu.so
copying build/lib.linux-x86_64-3.7/src/utils/libkdtree/pykdtree/kdtree.cpython-37m-x86_64-linux-gnu.so -> src/utils/libkdtree/pykdtree
copying build/lib.linux-x86_64-3.7/src/utils/libmcubes/mcubes.cpython-37m-x86_64-linux-gnu.so -> src/utils/libmcubes
copying build/lib.linux-x86_64-3.7/src/utils/libmesh/triangle_hash.cpython-37m-x86_64-linux-gnu.so -> src/utils/libmesh
copying build/lib.linux-x86_64-3.7/src/utils/libmise/mise.cpython-37m-x86_64-linux-gnu.so -> src/utils/libmise
copying build/lib.linux-x86_64-3.7/src/utils/libsimplify/simplify_mesh.cpython-37m-x86_64-linux-gnu.so -> src/utils/libsimplify
copying build/lib.linux-x86_64-3.7/src/utils/libvoxelize/voxelize.cpython-37m-x86_64-linux-gnu.so -> src/utils/libvoxelize
DONE!
